\BOOKMARK [0][-]{chapter*.2}{Contents}{}% 1
\BOOKMARK [0][-]{chapter*.3}{List of Tables}{}% 2
\BOOKMARK [0][-]{chapter*.4}{List of Figures}{}% 3
\BOOKMARK [0][-]{chapter.1}{Introduction}{}% 4
\BOOKMARK [0][-]{chapter.2}{Jolie and the Language Server Protocol}{}% 5
\BOOKMARK [1][-]{section.2.1}{Jolie: Java Orchestration Language Interpreter Engine}{chapter.2}% 6
\BOOKMARK [2][-]{subsection.2.1.1}{Behavior}{section.2.1}% 7
\BOOKMARK [2][-]{subsection.2.1.2}{Deployment}{section.2.1}% 8
\BOOKMARK [1][-]{section.2.2}{Language Server Protocol}{chapter.2}% 9
\BOOKMARK [2][-]{subsection.2.2.1}{How LSP works}{section.2.2}% 10
\BOOKMARK [2][-]{subsection.2.2.2}{Server Protocol features}{section.2.2}% 11
\BOOKMARK [0][-]{chapter.3}{Analysis of the problem}{}% 12
\BOOKMARK [1][-]{section.3.1}{Functional Requirements}{chapter.3}% 13
\BOOKMARK [1][-]{section.3.2}{Non-functional requirements}{chapter.3}% 14
\BOOKMARK [2][-]{subsection.3.2.1}{Complying with the Language Server Protocol specification}{section.3.2}% 15
\BOOKMARK [2][-]{subsection.3.2.2}{Distributed architecture}{section.3.2}% 16
\BOOKMARK [2][-]{subsection.3.2.3}{Modularity}{section.3.2}% 17
\BOOKMARK [0][-]{chapter.4}{System architecture}{}% 18
\BOOKMARK [1][-]{section.4.1}{Architecture}{chapter.4}% 19
\BOOKMARK [1][-]{section.4.2}{Services}{chapter.4}% 20
\BOOKMARK [2][-]{subsection.4.2.1}{Main service}{section.4.2}% 21
\BOOKMARK [2][-]{subsection.4.2.2}{Text Document service}{section.4.2}% 22
\BOOKMARK [2][-]{subsection.4.2.3}{Workspace service}{section.4.2}% 23
\BOOKMARK [2][-]{subsection.4.2.4}{Utils service}{section.4.2}% 24
\BOOKMARK [2][-]{subsection.4.2.5}{Proxy service}{section.4.2}% 25
\BOOKMARK [0][-]{chapter.5}{Implementation}{}% 26
\BOOKMARK [1][-]{section.5.1}{Complying with LSP JSON-RPC specifications}{chapter.5}% 27
\BOOKMARK [2][-]{subsection.5.1.1}{LSP message and parser}{section.5.1}% 28
\BOOKMARK [2][-]{subsection.5.1.2}{Aliasing LSP method names to Jolie operation names}{section.5.1}% 29
\BOOKMARK [2][-]{subsection.5.1.3}{Improvements for Jolie's jsonrpc protocol}{section.5.1}% 30
\BOOKMARK [1][-]{section.5.2}{Server implementation}{chapter.5}% 31
\BOOKMARK [2][-]{subsection.5.2.1}{Operation types and interfaces}{section.5.2}% 32
\BOOKMARK [2][-]{subsection.5.2.2}{Main service}{section.5.2}% 33
\BOOKMARK [2][-]{subsection.5.2.3}{Utils service}{section.5.2}% 34
\BOOKMARK [2][-]{subsection.5.2.4}{Text Document service}{section.5.2}% 35
\BOOKMARK [0][-]{chapter.6}{Validation}{}% 36
\BOOKMARK [1][-]{section.6.1}{Functional requirements}{chapter.6}% 37
\BOOKMARK [2][-]{subsection.6.1.1}{FR 1}{section.6.1}% 38
\BOOKMARK [2][-]{subsection.6.1.2}{FR 2 and FR 3}{section.6.1}% 39
\BOOKMARK [2][-]{subsection.6.1.3}{FR 4}{section.6.1}% 40
\BOOKMARK [2][-]{subsection.6.1.4}{FR 5}{section.6.1}% 41
\BOOKMARK [2][-]{subsection.6.1.5}{Unmet Functional requirements: FR 6, 7 and 8}{section.6.1}% 42
\BOOKMARK [1][-]{section.6.2}{Non-Functional requirements}{chapter.6}% 43
\BOOKMARK [0][-]{chapter.7}{Conclusions}{}% 44
\BOOKMARK [1][-]{section.7.1}{Project review}{chapter.7}% 45
\BOOKMARK [1][-]{section.7.2}{Unmet requirements}{chapter.7}% 46
\BOOKMARK [1][-]{section.7.3}{Future Work}{chapter.7}% 47
\BOOKMARK [0][-]{appendix*.20}{Bibliography}{}% 48
